2023-01-08	22:26:32	4ef39d61-438a-4ea0-b9f9-a614e20ed56e	GET	/	undefined
2023-01-08	22:26:49	61805268-5a3d-4ca4-8584-0b63619cab23	GET	/	undefined
2023-02-03	17:03:12	7b244a40-8cda-4944-b041-d4917b2ab385	POST	/	http://localhost:8000
2023-02-03	18:16:41	8ead7325-4f86-4fe8-af41-661d52d7d434	POST	/	http://localhost:8000
2023-02-04	02:41:48	9a5c3b0b-d751-41ff-8f25-55adc9c0a5c6	POST	/	http://localhost:8000
2023-02-04	03:20:16	1cc9e066-6122-43f2-b2ba-b895196050af	POST	/api/auth/signup	http://localhost:8000
2023-02-04	03:25:54	db93f33b-09e0-4808-abd7-59a4c11417a8	POST	/api/auth/signup	http://localhost:8000
2023-02-04	03:29:04	b6b21819-3a62-4ad5-93ed-a951a7b1ed27	POST	/api/auth/signup	http://localhost:8000
2023-02-04	13:38:28	53c26979-7b6e-4d6f-bb9d-d53c4008c2d5	POST	/api/auth/login	http://localhost:8000
2023-02-04	13:38:49	fb0adeaa-e037-4e45-a89d-5bcf592472c1	POST	/api/auth/login	http://localhost:8000
2023-02-04	13:39:43	4fe4b06c-94e2-4dc2-847c-1dc5f7187756	POST	/api/auth/login	http://localhost:8000
2023-02-04	14:13:09	f7d8192f-f09e-4783-8c3c-dd72c244b777	POST	/api/auth/login	http://localhost:8000
2023-02-04	14:13:36	8e0d3226-75b5-410f-ae71-d8c31e154cf4	POST	/api/auth/login	http://localhost:8000
2023-02-04	16:07:21	3b33fe71-9185-474e-afe0-a077172742f4	POST	/api/auth/login	http://localhost:8000
2023-02-04	16:31:18	8db1ada5-9285-44ba-ad0f-2068e7a30c2d	POST	/api/auth/google	http://localhost:8000
2023-02-04	16:32:14	ef986d39-6758-4acc-b042-ab91c7dc2591	POST	/api/auth/login	http://localhost:8000
2023-02-04	16:32:28	4680f2bd-6d73-4239-89ed-a35b8ffba19c	POST	/api/auth/google	http://localhost:8000
2023-02-04	16:47:24	b612989a-c920-4585-b8e2-fcf5fe40141d	POST	/api/auth/google	http://localhost:8000
2023-02-04	16:48:55	7ce2de1e-cdff-439f-891c-e5382533c265	POST	/api/auth/google	http://localhost:8000
2023-02-04	17:13:40	08265a7a-b36c-426d-96b2-5dc857d397a8	POST	/api/auth/login	http://localhost:8000
2023-02-04	17:15:25	855017db-0ed6-476b-a162-01e93b33b0b6	POST	/api/auth/login	http://localhost:8000
2023-02-04	17:16:28	b6fa2b07-7c88-4060-814f-27993529f0eb	POST	/api/auth/google	http://localhost:8000
2023-02-04	17:54:01	88ce226e-d8e3-4741-b145-915f30e141be	POST	/api/auth/google	http://localhost:8000
2023-02-05	05:34:50	6a12e5c8-3783-4d4a-8457-60bc24b06251	POST	/api/auth/google	http://localhost:8000
2023-02-05	05:41:26	8dc20721-c88d-4925-b67a-6f741d1328d7	POST	/api/auth/google	http://localhost:8000
2023-02-05	05:46:48	455f3bb0-23f5-4194-a60f-5839ba24043a	POST	/api/auth/google	http://localhost:8000
